<?xml version="1.0" encoding="UTF-8" ?>
<testsuite failures="0" time="26.254" errors="0" skipped="0" tests="13" name="com.mphasis.automation.cukesDriver.CukesRunner">
  <properties>
    <property name="java.runtime.name" value="Java(TM) SE Runtime Environment"/>
    <property name="sun.boot.library.path" value="C:\Program Files\Java\jdk1.6.0_45\jre\bin"/>
    <property name="java.vm.version" value="20.45-b01"/>
    <property name="java.vm.vendor" value="Sun Microsystems Inc."/>
    <property name="java.vendor.url" value="http://java.sun.com/"/>
    <property name="path.separator" value=";"/>
    <property name="java.vm.name" value="Java HotSpot(TM) Client VM"/>
    <property name="file.encoding.pkg" value="sun.io"/>
    <property name="user.country" value="US"/>
    <property name="sun.java.launcher" value="SUN_STANDARD"/>
    <property name="sun.os.patch.level" value=""/>
    <property name="java.vm.specification.name" value="Java Virtual Machine Specification"/>
    <property name="user.dir" value="C:\Users\mphasis\Desktop\WorkSpace\MTAFTests"/>
    <property name="java.runtime.version" value="1.6.0_45-b06"/>
    <property name="java.awt.graphicsenv" value="sun.awt.Win32GraphicsEnvironment"/>
    <property name="basedir" value="C:\Users\mphasis\Desktop\WorkSpace\MTAFTests"/>
    <property name="java.endorsed.dirs" value="C:\Program Files\Java\jdk1.6.0_45\jre\lib\endorsed"/>
    <property name="os.arch" value="x86"/>
    <property name="surefire.real.class.path" value="C:\Users\mphasis\Desktop\WorkSpace\MTAFTests\target\surefire\surefirebooter842693771719866313.jar"/>
    <property name="java.io.tmpdir" value="C:\Users\mphasis\AppData\Local\Temp\"/>
    <property name="line.separator" value="
"/>
    <property name="java.vm.specification.vendor" value="Sun Microsystems Inc."/>
    <property name="user.variant" value=""/>
    <property name="os.name" value="Windows 7"/>
    <property name="sun.jnu.encoding" value="Cp1252"/>
    <property name="java.library.path" value="C:\Program Files\Java\jdk1.6.0_45\jre\bin;C:\windows\Sun\Java\bin;C:\windows\system32;C:\windows;c:/Program Files/Java/jdk1.7.0_25/bin/../jre/bin/client;c:/Program Files/Java/jdk1.7.0_25/bin/../jre/bin;c:/Program Files/Java/jdk1.7.0_25/bin/../jre/lib/i386;C:\Program Files\Common Files\Microsoft Shared\Windows Live;C:\windows\system32;C:\windows;C:\windows\System32\Wbem;C:\windows\System32\WindowsPowerShell\v1.0\;C:\Program Files\WIDCOMM\Bluetooth Software\;C:\Program Files\ATI Technologies\ATI.ACE\Core-Static;C:\Program Files\Common Files\HP\Digital Imaging\bin;C:\Program Files\HP\Digital Imaging\bin\;C:\Program Files\HP\Digital Imaging\bin\Qt\Qt 4.3.3;C:\Program Files\QuickTime\QTSystem\;C:\Program Files\Git\cmd;C:\apache-maven-3.1.1\\bin;;C:\Users\mphasis\Desktop\eclipse-jee-kepler-R-win32\eclipse;;."/>
    <property name="surefire.test.class.path" value="C:\Users\mphasis\Desktop\WorkSpace\MTAFTests\target\test-classes;C:\Users\mphasis\Desktop\WorkSpace\MTAFTests\target\classes;C:\Users\mphasis\.m2\repository\com\mphasis\automation\MTAF\0.0.1\MTAF-0.0.1.jar;C:\Users\mphasis\.m2\repository\org\seleniumhq\selenium\selenium-java\2.35.0\selenium-java-2.35.0.jar;C:\Users\mphasis\.m2\repository\org\seleniumhq\selenium\selenium-android-driver\2.35.0\selenium-android-driver-2.35.0.jar;C:\Users\mphasis\.m2\repository\org\seleniumhq\selenium\selenium-remote-driver\2.35.0\selenium-remote-driver-2.35.0.jar;C:\Users\mphasis\.m2\repository\cglib\cglib-nodep\2.1_3\cglib-nodep-2.1_3.jar;C:\Users\mphasis\.m2\repository\org\json\json\20080701\json-20080701.jar;C:\Users\mphasis\.m2\repository\com\google\guava\guava\14.0\guava-14.0.jar;C:\Users\mphasis\.m2\repository\org\seleniumhq\selenium\selenium-chrome-driver\2.35.0\selenium-chrome-driver-2.35.0.jar;C:\Users\mphasis\.m2\repository\org\seleniumhq\selenium\selenium-htmlunit-driver\2.35.0\selenium-htmlunit-driver-2.35.0.jar;C:\Users\mphasis\.m2\repository\net\sourceforge\htmlunit\htmlunit\2.12\htmlunit-2.12.jar;C:\Users\mphasis\.m2\repository\xalan\xalan\2.7.1\xalan-2.7.1.jar;C:\Users\mphasis\.m2\repository\xalan\serializer\2.7.1\serializer-2.7.1.jar;C:\Users\mphasis\.m2\repository\org\apache\commons\commons-lang3\3.1\commons-lang3-3.1.jar;C:\Users\mphasis\.m2\repository\org\apache\httpcomponents\httpmime\4.2.3\httpmime-4.2.3.jar;C:\Users\mphasis\.m2\repository\net\sourceforge\htmlunit\htmlunit-core-js\2.12\htmlunit-core-js-2.12.jar;C:\Users\mphasis\.m2\repository\xerces\xercesImpl\2.10.0\xercesImpl-2.10.0.jar;C:\Users\mphasis\.m2\repository\xml-apis\xml-apis\1.4.01\xml-apis-1.4.01.jar;C:\Users\mphasis\.m2\repository\net\sourceforge\nekohtml\nekohtml\1.9.18\nekohtml-1.9.18.jar;C:\Users\mphasis\.m2\repository\net\sourceforge\cssparser\cssparser\0.9.9\cssparser-0.9.9.jar;C:\Users\mphasis\.m2\repository\org\w3c\css\sac\1.3\sac-1.3.jar;C:\Users\mphasis\.m2\repository\org\eclipse\jetty\jetty-websocket\8.1.9.v20130131\jetty-websocket-8.1.9.v20130131.jar;C:\Users\mphasis\.m2\repository\org\eclipse\jetty\jetty-util\8.1.9.v20130131\jetty-util-8.1.9.v20130131.jar;C:\Users\mphasis\.m2\repository\org\eclipse\jetty\jetty-io\8.1.9.v20130131\jetty-io-8.1.9.v20130131.jar;C:\Users\mphasis\.m2\repository\org\eclipse\jetty\jetty-http\8.1.9.v20130131\jetty-http-8.1.9.v20130131.jar;C:\Users\mphasis\.m2\repository\org\apache\httpcomponents\httpclient\4.2.1\httpclient-4.2.1.jar;C:\Users\mphasis\.m2\repository\org\apache\httpcomponents\httpcore\4.2.1\httpcore-4.2.1.jar;C:\Users\mphasis\.m2\repository\org\seleniumhq\selenium\selenium-firefox-driver\2.35.0\selenium-firefox-driver-2.35.0.jar;C:\Users\mphasis\.m2\repository\commons-io\commons-io\2.2\commons-io-2.2.jar;C:\Users\mphasis\.m2\repository\org\apache\commons\commons-exec\1.1\commons-exec-1.1.jar;C:\Users\mphasis\.m2\repository\org\seleniumhq\selenium\selenium-ie-driver\2.35.0\selenium-ie-driver-2.35.0.jar;C:\Users\mphasis\.m2\repository\net\java\dev\jna\jna\3.4.0\jna-3.4.0.jar;C:\Users\mphasis\.m2\repository\net\java\dev\jna\platform\3.4.0\platform-3.4.0.jar;C:\Users\mphasis\.m2\repository\org\seleniumhq\selenium\selenium-iphone-driver\2.35.0\selenium-iphone-driver-2.35.0.jar;C:\Users\mphasis\.m2\repository\org\seleniumhq\selenium\selenium-safari-driver\2.35.0\selenium-safari-driver-2.35.0.jar;C:\Users\mphasis\.m2\repository\org\seleniumhq\selenium\selenium-support\2.35.0\selenium-support-2.35.0.jar;C:\Users\mphasis\.m2\repository\org\seleniumhq\selenium\selenium-api\2.35.0\selenium-api-2.35.0.jar;C:\Users\mphasis\.m2\repository\org\webbitserver\webbit\0.4.14\webbit-0.4.14.jar;C:\Users\mphasis\.m2\repository\io\netty\netty\3.5.2.Final\netty-3.5.2.Final.jar;C:\Users\mphasis\.m2\repository\org\seleniumhq\selenium\selenium-server\2.35.0\selenium-server-2.35.0.jar;C:\Users\mphasis\.m2\repository\org\bouncycastle\bcprov-jdk15on\1.48\bcprov-jdk15on-1.48.jar;C:\Users\mphasis\.m2\repository\org\bouncycastle\bcpkix-jdk15on\1.48\bcpkix-jdk15on-1.48.jar;C:\Users\mphasis\.m2\repository\mx4j\mx4j-tools\3.0.1\mx4j-tools-3.0.1.jar;C:\Users\mphasis\.m2\repository\org\mortbay\jetty\servlet-api-2.5\6.1.9\servlet-api-2.5-6.1.9.jar;C:\Users\mphasis\.m2\repository\org\seleniumhq\selenium\jetty-repacked\7.6.1\jetty-repacked-7.6.1.jar;C:\Users\mphasis\.m2\repository\net\jcip\jcip-annotations\1.0\jcip-annotations-1.0.jar;C:\Users\mphasis\.m2\repository\org\yaml\snakeyaml\1.8\snakeyaml-1.8.jar;C:\Users\mphasis\.m2\repository\commons-codec\commons-codec\1.6\commons-codec-1.6.jar;C:\Users\mphasis\.m2\repository\org\slf4j\slf4j-api\1.7.5\slf4j-api-1.7.5.jar;C:\Users\mphasis\.m2\repository\info\cukes\cucumber-java\1.1.5\cucumber-java-1.1.5.jar;C:\Users\mphasis\.m2\repository\info\cukes\cucumber-core\1.1.5\cucumber-core-1.1.5.jar;C:\Users\mphasis\.m2\repository\info\cukes\cucumber-junit\1.1.5\cucumber-junit-1.1.5.jar;C:\Users\mphasis\.m2\repository\info\cukes\cucumber-picocontainer\1.1.5\cucumber-picocontainer-1.1.5.jar;C:\Users\mphasis\.m2\repository\info\cukes\cucumber-jvm-deps\1.0.3\cucumber-jvm-deps-1.0.3.jar;C:\Users\mphasis\.m2\repository\info\cukes\gherkin\2.12.1\gherkin-2.12.1.jar;C:\Users\mphasis\.m2\repository\org\picocontainer\picocontainer\2.14.3\picocontainer-2.14.3.jar;C:\Users\mphasis\.m2\repository\junit\junit\4.11\junit-4.11.jar;C:\Users\mphasis\.m2\repository\org\hamcrest\hamcrest-core\1.3\hamcrest-core-1.3.jar;C:\Users\mphasis\.m2\repository\com\rubiconproject\oss\jchronic\0.2.6\jchronic-0.2.6.jar;C:\Users\mphasis\.m2\repository\info\cukes\cucumber-html\0.2.3\cucumber-html-0.2.3.jar;C:\Users\mphasis\.m2\repository\commons-configuration\commons-configuration\1.6\commons-configuration-1.6.jar;C:\Users\mphasis\.m2\repository\commons-collections\commons-collections\3.2.1\commons-collections-3.2.1.jar;C:\Users\mphasis\.m2\repository\commons-lang\commons-lang\2.4\commons-lang-2.4.jar;C:\Users\mphasis\.m2\repository\commons-logging\commons-logging\1.1.1\commons-logging-1.1.1.jar;C:\Users\mphasis\.m2\repository\commons-digester\commons-digester\1.8\commons-digester-1.8.jar;C:\Users\mphasis\.m2\repository\commons-beanutils\commons-beanutils\1.7.0\commons-beanutils-1.7.0.jar;C:\Users\mphasis\.m2\repository\commons-beanutils\commons-beanutils-core\1.8.0\commons-beanutils-core-1.8.0.jar;"/>
    <property name="java.specification.name" value="Java Platform API Specification"/>
    <property name="java.class.version" value="50.0"/>
    <property name="sun.management.compiler" value="HotSpot Client Compiler"/>
    <property name="os.version" value="6.1"/>
    <property name="user.home" value="C:\Users\mphasis"/>
    <property name="user.timezone" value="America/Chicago"/>
    <property name="java.awt.printerjob" value="sun.awt.windows.WPrinterJob"/>
    <property name="java.specification.version" value="1.6"/>
    <property name="file.encoding" value="Cp1252"/>
    <property name="user.name" value="mphasis"/>
    <property name="java.class.path" value="C:\Users\mphasis\Desktop\WorkSpace\MTAFTests\target\test-classes;C:\Users\mphasis\Desktop\WorkSpace\MTAFTests\target\classes;C:\Users\mphasis\.m2\repository\com\mphasis\automation\MTAF\0.0.1\MTAF-0.0.1.jar;C:\Users\mphasis\.m2\repository\org\seleniumhq\selenium\selenium-java\2.35.0\selenium-java-2.35.0.jar;C:\Users\mphasis\.m2\repository\org\seleniumhq\selenium\selenium-android-driver\2.35.0\selenium-android-driver-2.35.0.jar;C:\Users\mphasis\.m2\repository\org\seleniumhq\selenium\selenium-remote-driver\2.35.0\selenium-remote-driver-2.35.0.jar;C:\Users\mphasis\.m2\repository\cglib\cglib-nodep\2.1_3\cglib-nodep-2.1_3.jar;C:\Users\mphasis\.m2\repository\org\json\json\20080701\json-20080701.jar;C:\Users\mphasis\.m2\repository\com\google\guava\guava\14.0\guava-14.0.jar;C:\Users\mphasis\.m2\repository\org\seleniumhq\selenium\selenium-chrome-driver\2.35.0\selenium-chrome-driver-2.35.0.jar;C:\Users\mphasis\.m2\repository\org\seleniumhq\selenium\selenium-htmlunit-driver\2.35.0\selenium-htmlunit-driver-2.35.0.jar;C:\Users\mphasis\.m2\repository\net\sourceforge\htmlunit\htmlunit\2.12\htmlunit-2.12.jar;C:\Users\mphasis\.m2\repository\xalan\xalan\2.7.1\xalan-2.7.1.jar;C:\Users\mphasis\.m2\repository\xalan\serializer\2.7.1\serializer-2.7.1.jar;C:\Users\mphasis\.m2\repository\org\apache\commons\commons-lang3\3.1\commons-lang3-3.1.jar;C:\Users\mphasis\.m2\repository\org\apache\httpcomponents\httpmime\4.2.3\httpmime-4.2.3.jar;C:\Users\mphasis\.m2\repository\net\sourceforge\htmlunit\htmlunit-core-js\2.12\htmlunit-core-js-2.12.jar;C:\Users\mphasis\.m2\repository\xerces\xercesImpl\2.10.0\xercesImpl-2.10.0.jar;C:\Users\mphasis\.m2\repository\xml-apis\xml-apis\1.4.01\xml-apis-1.4.01.jar;C:\Users\mphasis\.m2\repository\net\sourceforge\nekohtml\nekohtml\1.9.18\nekohtml-1.9.18.jar;C:\Users\mphasis\.m2\repository\net\sourceforge\cssparser\cssparser\0.9.9\cssparser-0.9.9.jar;C:\Users\mphasis\.m2\repository\org\w3c\css\sac\1.3\sac-1.3.jar;C:\Users\mphasis\.m2\repository\org\eclipse\jetty\jetty-websocket\8.1.9.v20130131\jetty-websocket-8.1.9.v20130131.jar;C:\Users\mphasis\.m2\repository\org\eclipse\jetty\jetty-util\8.1.9.v20130131\jetty-util-8.1.9.v20130131.jar;C:\Users\mphasis\.m2\repository\org\eclipse\jetty\jetty-io\8.1.9.v20130131\jetty-io-8.1.9.v20130131.jar;C:\Users\mphasis\.m2\repository\org\eclipse\jetty\jetty-http\8.1.9.v20130131\jetty-http-8.1.9.v20130131.jar;C:\Users\mphasis\.m2\repository\org\apache\httpcomponents\httpclient\4.2.1\httpclient-4.2.1.jar;C:\Users\mphasis\.m2\repository\org\apache\httpcomponents\httpcore\4.2.1\httpcore-4.2.1.jar;C:\Users\mphasis\.m2\repository\org\seleniumhq\selenium\selenium-firefox-driver\2.35.0\selenium-firefox-driver-2.35.0.jar;C:\Users\mphasis\.m2\repository\commons-io\commons-io\2.2\commons-io-2.2.jar;C:\Users\mphasis\.m2\repository\org\apache\commons\commons-exec\1.1\commons-exec-1.1.jar;C:\Users\mphasis\.m2\repository\org\seleniumhq\selenium\selenium-ie-driver\2.35.0\selenium-ie-driver-2.35.0.jar;C:\Users\mphasis\.m2\repository\net\java\dev\jna\jna\3.4.0\jna-3.4.0.jar;C:\Users\mphasis\.m2\repository\net\java\dev\jna\platform\3.4.0\platform-3.4.0.jar;C:\Users\mphasis\.m2\repository\org\seleniumhq\selenium\selenium-iphone-driver\2.35.0\selenium-iphone-driver-2.35.0.jar;C:\Users\mphasis\.m2\repository\org\seleniumhq\selenium\selenium-safari-driver\2.35.0\selenium-safari-driver-2.35.0.jar;C:\Users\mphasis\.m2\repository\org\seleniumhq\selenium\selenium-support\2.35.0\selenium-support-2.35.0.jar;C:\Users\mphasis\.m2\repository\org\seleniumhq\selenium\selenium-api\2.35.0\selenium-api-2.35.0.jar;C:\Users\mphasis\.m2\repository\org\webbitserver\webbit\0.4.14\webbit-0.4.14.jar;C:\Users\mphasis\.m2\repository\io\netty\netty\3.5.2.Final\netty-3.5.2.Final.jar;C:\Users\mphasis\.m2\repository\org\seleniumhq\selenium\selenium-server\2.35.0\selenium-server-2.35.0.jar;C:\Users\mphasis\.m2\repository\org\bouncycastle\bcprov-jdk15on\1.48\bcprov-jdk15on-1.48.jar;C:\Users\mphasis\.m2\repository\org\bouncycastle\bcpkix-jdk15on\1.48\bcpkix-jdk15on-1.48.jar;C:\Users\mphasis\.m2\repository\mx4j\mx4j-tools\3.0.1\mx4j-tools-3.0.1.jar;C:\Users\mphasis\.m2\repository\org\mortbay\jetty\servlet-api-2.5\6.1.9\servlet-api-2.5-6.1.9.jar;C:\Users\mphasis\.m2\repository\org\seleniumhq\selenium\jetty-repacked\7.6.1\jetty-repacked-7.6.1.jar;C:\Users\mphasis\.m2\repository\net\jcip\jcip-annotations\1.0\jcip-annotations-1.0.jar;C:\Users\mphasis\.m2\repository\org\yaml\snakeyaml\1.8\snakeyaml-1.8.jar;C:\Users\mphasis\.m2\repository\commons-codec\commons-codec\1.6\commons-codec-1.6.jar;C:\Users\mphasis\.m2\repository\org\slf4j\slf4j-api\1.7.5\slf4j-api-1.7.5.jar;C:\Users\mphasis\.m2\repository\info\cukes\cucumber-java\1.1.5\cucumber-java-1.1.5.jar;C:\Users\mphasis\.m2\repository\info\cukes\cucumber-core\1.1.5\cucumber-core-1.1.5.jar;C:\Users\mphasis\.m2\repository\info\cukes\cucumber-junit\1.1.5\cucumber-junit-1.1.5.jar;C:\Users\mphasis\.m2\repository\info\cukes\cucumber-picocontainer\1.1.5\cucumber-picocontainer-1.1.5.jar;C:\Users\mphasis\.m2\repository\info\cukes\cucumber-jvm-deps\1.0.3\cucumber-jvm-deps-1.0.3.jar;C:\Users\mphasis\.m2\repository\info\cukes\gherkin\2.12.1\gherkin-2.12.1.jar;C:\Users\mphasis\.m2\repository\org\picocontainer\picocontainer\2.14.3\picocontainer-2.14.3.jar;C:\Users\mphasis\.m2\repository\junit\junit\4.11\junit-4.11.jar;C:\Users\mphasis\.m2\repository\org\hamcrest\hamcrest-core\1.3\hamcrest-core-1.3.jar;C:\Users\mphasis\.m2\repository\com\rubiconproject\oss\jchronic\0.2.6\jchronic-0.2.6.jar;C:\Users\mphasis\.m2\repository\info\cukes\cucumber-html\0.2.3\cucumber-html-0.2.3.jar;C:\Users\mphasis\.m2\repository\commons-configuration\commons-configuration\1.6\commons-configuration-1.6.jar;C:\Users\mphasis\.m2\repository\commons-collections\commons-collections\3.2.1\commons-collections-3.2.1.jar;C:\Users\mphasis\.m2\repository\commons-lang\commons-lang\2.4\commons-lang-2.4.jar;C:\Users\mphasis\.m2\repository\commons-logging\commons-logging\1.1.1\commons-logging-1.1.1.jar;C:\Users\mphasis\.m2\repository\commons-digester\commons-digester\1.8\commons-digester-1.8.jar;C:\Users\mphasis\.m2\repository\commons-beanutils\commons-beanutils\1.7.0\commons-beanutils-1.7.0.jar;C:\Users\mphasis\.m2\repository\commons-beanutils\commons-beanutils-core\1.8.0\commons-beanutils-core-1.8.0.jar;"/>
    <property name="java.vm.specification.version" value="1.0"/>
    <property name="sun.arch.data.model" value="32"/>
    <property name="java.home" value="C:\Program Files\Java\jdk1.6.0_45\jre"/>
    <property name="sun.java.command" value="C:\Users\mphasis\Desktop\WorkSpace\MTAFTests\target\surefire\surefirebooter842693771719866313.jar C:\Users\mphasis\Desktop\WorkSpace\MTAFTests\target\surefire\surefire5419840516619495404tmp C:\Users\mphasis\Desktop\WorkSpace\MTAFTests\target\surefire\surefire6676234330497076559tmp"/>
    <property name="java.specification.vendor" value="Sun Microsystems Inc."/>
    <property name="user.language" value="en"/>
    <property name="awt.toolkit" value="sun.awt.windows.WToolkit"/>
    <property name="java.vm.info" value="mixed mode, sharing"/>
    <property name="java.version" value="1.6.0_45"/>
    <property name="java.ext.dirs" value="C:\Program Files\Java\jdk1.6.0_45\jre\lib\ext;C:\windows\Sun\Java\lib\ext"/>
    <property name="sun.boot.class.path" value="C:\Program Files\Java\jdk1.6.0_45\jre\lib\resources.jar;C:\Program Files\Java\jdk1.6.0_45\jre\lib\rt.jar;C:\Program Files\Java\jdk1.6.0_45\jre\lib\sunrsasign.jar;C:\Program Files\Java\jdk1.6.0_45\jre\lib\jsse.jar;C:\Program Files\Java\jdk1.6.0_45\jre\lib\jce.jar;C:\Program Files\Java\jdk1.6.0_45\jre\lib\charsets.jar;C:\Program Files\Java\jdk1.6.0_45\jre\lib\modules\jdk.boot.jar;C:\Program Files\Java\jdk1.6.0_45\jre\classes"/>
    <property name="java.vendor" value="Sun Microsystems Inc."/>
    <property name="localRepository" value="C:\Users\mphasis\.m2\repository"/>
    <property name="file.separator" value="\"/>
    <property name="java.vendor.url.bug" value="http://java.sun.com/cgi-bin/bugreport.cgi"/>
    <property name="sun.cpu.endian" value="little"/>
    <property name="sun.io.unicode.encoding" value="UnicodeLittle"/>
    <property name="sun.desktop" value="windows"/>
    <property name="sun.cpu.isalist" value="pentium_pro+mmx pentium_pro pentium+mmx pentium i486 i386 i86"/>
  </properties>
  <testcase time="0.001" classname="Scenario: A valid user logging into amazon should be granted access" name="Given a valid user"/>
  <testcase time="0.001" classname="Scenario: A valid user logging into amazon should be granted access" name="When user enters credentials and click submit"/>
  <testcase time="0" classname="Scenario: A valid user logging into amazon should be granted access" name="Then User is logged in"/>
  <testcase time="0.001" classname="Scenario: A valid user logging into amazon should be granted access" name="Scenario: A valid user logging into amazon should be granted access"/>
  <testcase time="0" classname="Scenario: An invalid user into amazon should not be granted access" name="Given an invalid user abcdefghi@abcdefghi.com"/>
  <testcase time="0" classname="Scenario: An invalid user into amazon should not be granted access" name="When user enters credentials and click submit"/>
  <testcase time="0" classname="Scenario: An invalid user into amazon should not be granted access" name="Then User is shown There was a problem with your request.There was an error with your E-Mail/Password combination. Please try again."/>
  <testcase time="0" classname="Scenario: An invalid user into amazon should not be granted access" name="Scenario: An invalid user into amazon should not be granted access"/>
  <testcase time="0" classname="Scenario: Search for a popular item returns more than 1 results" name="Given a valid user"/>
  <testcase time="0" classname="Scenario: Search for a popular item returns more than 1 results" name="And user enters credentials and click submit"/>
  <testcase time="0" classname="Scenario: Search for a popular item returns more than 1 results" name="When user searches for &quot;GPS&quot;"/>
  <testcase time="0" classname="Scenario: Search for a popular item returns more than 1 results" name="Then more than one result is shown"/>
  <testcase time="0.001" classname="Scenario: Search for a popular item returns more than 1 results" name="Scenario: Search for a popular item returns more than 1 results"/>
</testsuite>